<?xml version="1.0" encoding="UTF-8"?>
<testng-results ignored="0" total="1" passed="1" failed="0" skipped="0">
  <reporter-output>
  </reporter-output>
  <suite started-at="2024-11-20T06:51:41 PST" name="Default suite" finished-at="2024-11-20T06:51:41 PST" duration-ms="49">
    <groups>
    </groups>
    <test started-at="2024-11-20T06:51:41 PST" name="Default test" finished-at="2024-11-20T06:51:41 PST" duration-ms="49">
      <class name="Demo.Test1">
        <test-method signature="streamCollect()[pri:0, instance:Demo.Test1@4567f35d]" started-at="2024-11-20T06:51:41 PST" name="streamCollect" finished-at="2024-11-20T06:51:41 PST" duration-ms="7" status="PASS">
          <reporter-output>
          </reporter-output>
        </test-method> <!-- streamCollect -->
      </class> <!-- Demo.Test1 -->
    </test> <!-- Default test -->
  </suite> <!-- Default suite -->
</testng-results>
